[+] Containers:
 |- [+] Container: /Game/TopDown/Maps/Head
 |   |- [+] ActorDescs:
 |   |   |- Guid:3319CC874339D02E4446E3BEAA18FC64 BaseClass: NativeClass:/Script/Engine.DirectionalLight Name:DirectionalLight_1 Label:DirectionalLight SpatiallyLoaded:0 Bounds:Invalid RuntimeGrid:None EditorOnly:0 RuntimeOnly:0 HLODRelevant:0 ListedInSceneOutliner:1 IsMainWorldOnly:0 FolderPath:Lighting FolderGuid:4C9334684BA61B42C769F799D2576455
 |   |   |- Guid:3B3058D548F4A906DEAE1A84653D2A44 BaseClass: NativeClass:/Script/Engine.StaticMeshActor Name:StaticMeshActor_17 Label:SM_Cube SpatiallyLoaded:1 Bounds:IsValid=true, Min=(X=0.000 Y=0.000 Z=-50.000), Max=(X=3000.000 Y=3500.000 Z=0.000) RuntimeGrid:None EditorOnly:0 RuntimeOnly:0 HLODRelevant:1 ListedInSceneOutliner:1 IsMainWorldOnly:0 FolderPath:Playground FolderGuid:9FE5E8B349AF71F05F2688921F3F2AC5
 |   |   |- Guid:3C7BB7BE4BAB53DAA4E24595E364E4AA BaseClass:/Game/Actors/BP_TestGuy.BP_TestGuy_C NativeClass:/Script/Engine.Actor Name:BP_TestGuy_C_UAID_C45AB1EB11AB8F2202_2013546567 Label:BP_TestGuy SpatiallyLoaded:1 Bounds:IsValid=true, Min=(X=1020.000 Y=1320.000 Z=20.000), Max=(X=1120.000 Y=1420.000 Z=120.000) RuntimeGrid:None EditorOnly:0 RuntimeOnly:0 HLODRelevant:0 ListedInSceneOutliner:1 IsMainWorldOnly:0
 |   |   |- Guid:577DEA9C4C05577742BBB98A46E27415 BaseClass: NativeClass:/Script/Engine.StaticMeshActor Name:StaticMeshActor_UAID_A4AE111137DC5CFB00_1660657071 Label:SM_SkySphere SpatiallyLoaded:0 Bounds:IsValid=true, Min=(X=-1638400.000 Y=-1638400.000 Z=-1638400.000), Max=(X=1638400.000 Y=1638400.000 Z=1638400.000) RuntimeGrid:None EditorOnly:0 RuntimeOnly:0 HLODRelevant:0 ListedInSceneOutliner:1 IsMainWorldOnly:0 FolderPath:Lighting FolderGuid:4C9334684BA61B42C769F799D2576455
 |   |   |- Guid:78B19D3947661B8C874031BC1DBBC754 BaseClass:/Game/Actors/BP_Creature_Test.BP_Creature_Test_C NativeClass:/Script/Engine.Pawn Name:BP_Creature_Test_C_UAID_C45AB1EB08ABE32202_1482708361 Label:BP_Creature_Test4 SpatiallyLoaded:1 Bounds:IsValid=true, Min=(X=1030.000 Y=1320.000 Z=0.000), Max=(X=1270.000 Y=1480.000 Z=190.000) RuntimeGrid:None EditorOnly:0 RuntimeOnly:0 HLODRelevant:0 ListedInSceneOutliner:1 IsMainWorldOnly:0
 |   |   |- Guid:813B15B84BC4DC1330BCF0A7DBAEE90A BaseClass: NativeClass:/Script/Engine.PlayerStart Name:PlayerStart_0 Label:PlayerStart SpatiallyLoaded:0 Bounds:IsValid=true, Min=(X=470.000 Y=1770.000 Z=0.013), Max=(X=550.000 Y=1850.000 Z=184.013) RuntimeGrid:None EditorOnly:0 RuntimeOnly:0 HLODRelevant:0 ListedInSceneOutliner:1 IsMainWorldOnly:0
 |   |   |- Guid:87E105AB41E45E8A2766628FAF290F26 BaseClass: NativeClass:/Script/Engine.VolumetricCloud Name:VolumetricCloud_0 Label:VolumetricCloud SpatiallyLoaded:0 Bounds:IsValid=true, Min=(X=0.000 Y=0.000 Z=820.000), Max=(X=0.000 Y=0.000 Z=820.000) RuntimeGrid:None EditorOnly:0 RuntimeOnly:0 HLODRelevant:0 ListedInSceneOutliner:1 IsMainWorldOnly:0 FolderPath:Lighting FolderGuid:4C9334684BA61B42C769F799D2576455
 |   |   |- Guid:94F1A5D64938C9402978D987C0F7FD4D BaseClass: NativeClass:/Script/Engine.SkyLight Name:SkyLight_1 Label:SkyLight SpatiallyLoaded:0 Bounds:IsValid=true, Min=(X=0.000 Y=0.000 Z=690.000), Max=(X=0.000 Y=0.000 Z=690.000) RuntimeGrid:None EditorOnly:0 RuntimeOnly:0 HLODRelevant:0 ListedInSceneOutliner:1 IsMainWorldOnly:0 FolderPath:Lighting FolderGuid:4C9334684BA61B42C769F799D2576455
 |   |   |- Guid:A245DFB84AF674F5FDEF9096D714E765 BaseClass:/Game/Actors/BP_TestGuy.BP_TestGuy_C NativeClass:/Script/Engine.Actor Name:BP_TestGuy_C_UAID_C45AB1EB08ABF02202_1361479640 Label:BP_TestGuy2 SpatiallyLoaded:1 Bounds:IsValid=true, Min=(X=680.000 Y=1940.000 Z=20.000), Max=(X=780.000 Y=2040.000 Z=120.000) RuntimeGrid:None EditorOnly:0 RuntimeOnly:0 HLODRelevant:0 ListedInSceneOutliner:1 IsMainWorldOnly:0
 |   |   |- Guid:CE3BF511415E33FAC3E86EBA2BF1B21C BaseClass: NativeClass:/Script/Engine.WorldDataLayers Name:WorldDataLayers Label:WorldDataLayers SpatiallyLoaded:0 Bounds:Invalid RuntimeGrid:None EditorOnly:0 RuntimeOnly:0 HLODRelevant:0 ListedInSceneOutliner:1 IsMainWorldOnly:1
 |   |   |- Guid:DBB9D8C94B7376FAB92DAD894081AD0B BaseClass: NativeClass:/Script/NavigationSystem.NavMeshBoundsVolume Name:NavMeshBoundsVolume_1 Label:NavMeshBoundsVolume SpatiallyLoaded:0 Bounds:IsValid=true, Min=(X=-100.000 Y=-100.000 Z=-110.000), Max=(X=3100.000 Y=3600.000 Z=390.000) RuntimeGrid:None EditorOnly:0 RuntimeOnly:0 HLODRelevant:0 ListedInSceneOutliner:1 IsMainWorldOnly:0 FolderPath:Navigation FolderGuid:AE45D61F453CC144CF8289862C276E89
 |   |   |- Guid:EA6581304C48EBA3B95FF3B5173F0F33 BaseClass: NativeClass:/Script/Engine.ExponentialHeightFog Name:ExponentialHeightFog_1 Label:ExponentialHeightFog SpatiallyLoaded:0 Bounds:IsValid=true, Min=(X=-5600.000 Y=-50.000 Z=-6850.000), Max=(X=-5600.000 Y=-50.000 Z=-6850.000) RuntimeGrid:None EditorOnly:0 RuntimeOnly:0 HLODRelevant:0 ListedInSceneOutliner:1 IsMainWorldOnly:0 FolderPath:Lighting FolderGuid:4C9334684BA61B42C769F799D2576455
 |   |   |- Guid:EB3EB1474F6B7CB25BF3B4A99CA46FCF BaseClass: NativeClass:/Script/Engine.SkyAtmosphere Name:SkyAtmosphere_1 Label:SkyAtmosphere SpatiallyLoaded:0 Bounds:IsValid=true, Min=(X=0.000 Y=0.000 Z=1020.000), Max=(X=0.000 Y=0.000 Z=1020.000) RuntimeGrid:None EditorOnly:0 RuntimeOnly:0 HLODRelevant:0 ListedInSceneOutliner:1 IsMainWorldOnly:0 FolderPath:Lighting FolderGuid:4C9334684BA61B42C769F799D2576455
 |   |   |- Guid:FF92AEDA4FDC0B384BCDC0AE2C1EAE33 BaseClass: NativeClass:/Script/Engine.PostProcessVolume Name:PostProcessVolume_1 Label:PostProcessVolume SpatiallyLoaded:0 Bounds:IsValid=true, Min=(X=0.000 Y=0.000 Z=400.000), Max=(X=200.000 Y=200.000 Z=600.000) RuntimeGrid:None EditorOnly:0 RuntimeOnly:0 HLODRelevant:0 ListedInSceneOutliner:1 IsMainWorldOnly:0 FolderPath:Lighting FolderGuid:4C9334684BA61B42C769F799D2576455
 |   |- [+] Clusters:
 |   |   |- [+] [  0]
 |   |   |   |- Guid:3319CC874339D02E4446E3BEAA18FC64 BaseClass: NativeClass:/Script/Engine.DirectionalLight Name:DirectionalLight_1 Label:DirectionalLight SpatiallyLoaded:0 Bounds:Invalid RuntimeGrid:None EditorOnly:0 RuntimeOnly:0 HLODRelevant:0 ListedInSceneOutliner:1 IsMainWorldOnly:0 FolderPath:Lighting FolderGuid:4C9334684BA61B42C769F799D2576455
 |   |   |- [+] [  1]
 |   |   |   |- Guid:3B3058D548F4A906DEAE1A84653D2A44 BaseClass: NativeClass:/Script/Engine.StaticMeshActor Name:StaticMeshActor_17 Label:SM_Cube SpatiallyLoaded:1 Bounds:IsValid=true, Min=(X=0.000 Y=0.000 Z=-50.000), Max=(X=3000.000 Y=3500.000 Z=0.000) RuntimeGrid:None EditorOnly:0 RuntimeOnly:0 HLODRelevant:1 ListedInSceneOutliner:1 IsMainWorldOnly:0 FolderPath:Playground FolderGuid:9FE5E8B349AF71F05F2688921F3F2AC5
 |   |   |- [+] [  2]
 |   |   |   |- Guid:3C7BB7BE4BAB53DAA4E24595E364E4AA BaseClass:/Game/Actors/BP_TestGuy.BP_TestGuy_C NativeClass:/Script/Engine.Actor Name:BP_TestGuy_C_UAID_C45AB1EB11AB8F2202_2013546567 Label:BP_TestGuy SpatiallyLoaded:1 Bounds:IsValid=true, Min=(X=1020.000 Y=1320.000 Z=20.000), Max=(X=1120.000 Y=1420.000 Z=120.000) RuntimeGrid:None EditorOnly:0 RuntimeOnly:0 HLODRelevant:0 ListedInSceneOutliner:1 IsMainWorldOnly:0
 |   |   |- [+] [  3]
 |   |   |   |- Guid:577DEA9C4C05577742BBB98A46E27415 BaseClass: NativeClass:/Script/Engine.StaticMeshActor Name:StaticMeshActor_UAID_A4AE111137DC5CFB00_1660657071 Label:SM_SkySphere SpatiallyLoaded:0 Bounds:IsValid=true, Min=(X=-1638400.000 Y=-1638400.000 Z=-1638400.000), Max=(X=1638400.000 Y=1638400.000 Z=1638400.000) RuntimeGrid:None EditorOnly:0 RuntimeOnly:0 HLODRelevant:0 ListedInSceneOutliner:1 IsMainWorldOnly:0 FolderPath:Lighting FolderGuid:4C9334684BA61B42C769F799D2576455
 |   |   |- [+] [  4]
 |   |   |   |- Guid:78B19D3947661B8C874031BC1DBBC754 BaseClass:/Game/Actors/BP_Creature_Test.BP_Creature_Test_C NativeClass:/Script/Engine.Pawn Name:BP_Creature_Test_C_UAID_C45AB1EB08ABE32202_1482708361 Label:BP_Creature_Test4 SpatiallyLoaded:1 Bounds:IsValid=true, Min=(X=1030.000 Y=1320.000 Z=0.000), Max=(X=1270.000 Y=1480.000 Z=190.000) RuntimeGrid:None EditorOnly:0 RuntimeOnly:0 HLODRelevant:0 ListedInSceneOutliner:1 IsMainWorldOnly:0
 |   |   |- [+] [  5]
 |   |   |   |- Guid:813B15B84BC4DC1330BCF0A7DBAEE90A BaseClass: NativeClass:/Script/Engine.PlayerStart Name:PlayerStart_0 Label:PlayerStart SpatiallyLoaded:0 Bounds:IsValid=true, Min=(X=470.000 Y=1770.000 Z=0.013), Max=(X=550.000 Y=1850.000 Z=184.013) RuntimeGrid:None EditorOnly:0 RuntimeOnly:0 HLODRelevant:0 ListedInSceneOutliner:1 IsMainWorldOnly:0
 |   |   |- [+] [  6]
 |   |   |   |- Guid:87E105AB41E45E8A2766628FAF290F26 BaseClass: NativeClass:/Script/Engine.VolumetricCloud Name:VolumetricCloud_0 Label:VolumetricCloud SpatiallyLoaded:0 Bounds:IsValid=true, Min=(X=0.000 Y=0.000 Z=820.000), Max=(X=0.000 Y=0.000 Z=820.000) RuntimeGrid:None EditorOnly:0 RuntimeOnly:0 HLODRelevant:0 ListedInSceneOutliner:1 IsMainWorldOnly:0 FolderPath:Lighting FolderGuid:4C9334684BA61B42C769F799D2576455
 |   |   |- [+] [  7]
 |   |   |   |- Guid:94F1A5D64938C9402978D987C0F7FD4D BaseClass: NativeClass:/Script/Engine.SkyLight Name:SkyLight_1 Label:SkyLight SpatiallyLoaded:0 Bounds:IsValid=true, Min=(X=0.000 Y=0.000 Z=690.000), Max=(X=0.000 Y=0.000 Z=690.000) RuntimeGrid:None EditorOnly:0 RuntimeOnly:0 HLODRelevant:0 ListedInSceneOutliner:1 IsMainWorldOnly:0 FolderPath:Lighting FolderGuid:4C9334684BA61B42C769F799D2576455
 |   |   |- [+] [  8]
 |   |   |   |- Guid:A245DFB84AF674F5FDEF9096D714E765 BaseClass:/Game/Actors/BP_TestGuy.BP_TestGuy_C NativeClass:/Script/Engine.Actor Name:BP_TestGuy_C_UAID_C45AB1EB08ABF02202_1361479640 Label:BP_TestGuy2 SpatiallyLoaded:1 Bounds:IsValid=true, Min=(X=680.000 Y=1940.000 Z=20.000), Max=(X=780.000 Y=2040.000 Z=120.000) RuntimeGrid:None EditorOnly:0 RuntimeOnly:0 HLODRelevant:0 ListedInSceneOutliner:1 IsMainWorldOnly:0
 |   |   |- [+] [  9]
 |   |   |   |- Guid:CE3BF511415E33FAC3E86EBA2BF1B21C BaseClass: NativeClass:/Script/Engine.WorldDataLayers Name:WorldDataLayers Label:WorldDataLayers SpatiallyLoaded:0 Bounds:Invalid RuntimeGrid:None EditorOnly:0 RuntimeOnly:0 HLODRelevant:0 ListedInSceneOutliner:1 IsMainWorldOnly:1
 |   |   |- [+] [ 10]
 |   |   |   |- Guid:DBB9D8C94B7376FAB92DAD894081AD0B BaseClass: NativeClass:/Script/NavigationSystem.NavMeshBoundsVolume Name:NavMeshBoundsVolume_1 Label:NavMeshBoundsVolume SpatiallyLoaded:0 Bounds:IsValid=true, Min=(X=-100.000 Y=-100.000 Z=-110.000), Max=(X=3100.000 Y=3600.000 Z=390.000) RuntimeGrid:None EditorOnly:0 RuntimeOnly:0 HLODRelevant:0 ListedInSceneOutliner:1 IsMainWorldOnly:0 FolderPath:Navigation FolderGuid:AE45D61F453CC144CF8289862C276E89
 |   |   |- [+] [ 11]
 |   |   |   |- Guid:EA6581304C48EBA3B95FF3B5173F0F33 BaseClass: NativeClass:/Script/Engine.ExponentialHeightFog Name:ExponentialHeightFog_1 Label:ExponentialHeightFog SpatiallyLoaded:0 Bounds:IsValid=true, Min=(X=-5600.000 Y=-50.000 Z=-6850.000), Max=(X=-5600.000 Y=-50.000 Z=-6850.000) RuntimeGrid:None EditorOnly:0 RuntimeOnly:0 HLODRelevant:0 ListedInSceneOutliner:1 IsMainWorldOnly:0 FolderPath:Lighting FolderGuid:4C9334684BA61B42C769F799D2576455
 |   |   |- [+] [ 12]
 |   |   |   |- Guid:EB3EB1474F6B7CB25BF3B4A99CA46FCF BaseClass: NativeClass:/Script/Engine.SkyAtmosphere Name:SkyAtmosphere_1 Label:SkyAtmosphere SpatiallyLoaded:0 Bounds:IsValid=true, Min=(X=0.000 Y=0.000 Z=1020.000), Max=(X=0.000 Y=0.000 Z=1020.000) RuntimeGrid:None EditorOnly:0 RuntimeOnly:0 HLODRelevant:0 ListedInSceneOutliner:1 IsMainWorldOnly:0 FolderPath:Lighting FolderGuid:4C9334684BA61B42C769F799D2576455
 |   |   |- [+] [ 13]
 |   |   |   |- Guid:FF92AEDA4FDC0B384BCDC0AE2C1EAE33 BaseClass: NativeClass:/Script/Engine.PostProcessVolume Name:PostProcessVolume_1 Label:PostProcessVolume SpatiallyLoaded:0 Bounds:IsValid=true, Min=(X=0.000 Y=0.000 Z=400.000), Max=(X=200.000 Y=200.000 Z=600.000) RuntimeGrid:None EditorOnly:0 RuntimeOnly:0 HLODRelevant:0 ListedInSceneOutliner:1 IsMainWorldOnly:0 FolderPath:Lighting FolderGuid:4C9334684BA61B42C769F799D2576455
 |- ContainerInstances:
 |- [+] MainContainer:
 |   |-        ID: 00000000000000000000000000000000
 |   |-  ParentID: 00000000000000000000000000000000
 |   |-    Bounds: IsValid=false, Min=(X=0.000 Y=0.000 Z=0.000), Max=(X=0.000 Y=0.000 Z=0.000)
 |   |- Transform: 0.000000,0.000000,0.000000|0.000000,0.000000,-0.000000|1.000000,1.000000,1.000000
 |   |- Container: /Game/TopDown/Maps/Head
----------------------------------------------------------------------------------------------------------------
Head - Persistent Level
----------------------------------------------------------------------------------------------------------------
[+] Content of Head Persistent Level
 |- Always loaded Actor Count: 14 
 |- Actor Path: /Game/TopDown/Maps/Head.Head:PersistentLevel.BP_Creature_Test_C_UAID_C45AB1EB08ABE32202_1482708361
 |- Actor Package: /Game/__ExternalActors__/TopDown/Maps/Head/6/B3/AYPNXMWKMT5IVW0EZRXRDJ
 |- Actor Path: /Game/TopDown/Maps/Head.Head:PersistentLevel.BP_TestGuy_C_UAID_C45AB1EB08ABF02202_1361479640
 |- Actor Package: /Game/__ExternalActors__/TopDown/Maps/Head/3/76/UUI8XS61VXQS11KIYL1XH8
 |- Actor Path: /Game/TopDown/Maps/Head.Head:PersistentLevel.BP_TestGuy_C_UAID_C45AB1EB11AB8F2202_2013546567
 |- Actor Package: /Game/__ExternalActors__/TopDown/Maps/Head/0/3S/JIX505DBCRV03CD9WGB086
 |- Actor Path: /Game/TopDown/Maps/Head.Head:PersistentLevel.DirectionalLight_1
 |- Actor Package: /Game/__ExternalActors__/TopDown/Maps/Head/9/26/BBYYFLNBKM1A5VWYZ31RFM
 |- Actor Path: /Game/TopDown/Maps/Head.Head:PersistentLevel.ExponentialHeightFog_1
 |- Actor Package: /Game/__ExternalActors__/TopDown/Maps/Head/A/LC/JHL21DEXOGSPEZS7I4AXBH
 |- Actor Path: /Game/TopDown/Maps/Head.Head:PersistentLevel.NavMeshBoundsVolume_1
 |- Actor Package: /Game/__ExternalActors__/TopDown/Maps/Head/D/Y7/0K9WK4UCX7PW7V64ZQY0OQ
 |- Actor Path: /Game/TopDown/Maps/Head.Head:PersistentLevel.PlayerStart_0
 |- Actor Package: /Game/__ExternalActors__/TopDown/Maps/Head/B/0E/FKJSAYY9VAPRR97859BJ1A
 |- Actor Path: /Game/TopDown/Maps/Head.Head:PersistentLevel.PostProcessVolume_1
 |- Actor Package: /Game/__ExternalActors__/TopDown/Maps/Head/6/Y2/T3UJ1ICE7TEVMNB62XBESJ
 |- Actor Path: /Game/TopDown/Maps/Head.Head:PersistentLevel.SkyAtmosphere_1
 |- Actor Package: /Game/__ExternalActors__/TopDown/Maps/Head/0/X4/H9LC0B1RC30ZDXR82XIY2A
 |- Actor Path: /Game/TopDown/Maps/Head.Head:PersistentLevel.SkyLight_1
 |- Actor Package: /Game/__ExternalActors__/TopDown/Maps/Head/C/Y5/MRZTOHMM2D8SRVFNG2LS88
 |- Actor Path: /Game/TopDown/Maps/Head.Head:PersistentLevel.StaticMeshActor_17
 |- Actor Package: /Game/__ExternalActors__/TopDown/Maps/Head/1/E5/FM8EP8R7GEPB1POPY3XPXN
 |- Actor Path: /Game/TopDown/Maps/Head.Head:PersistentLevel.StaticMeshActor_UAID_A4AE111137DC5CFB00_1660657071
 |- Actor Package: /Game/__ExternalActors__/TopDown/Maps/Head/D/G3/7QF76O93FGIYZBFF8E8WCC
 |- Actor Path: /Game/TopDown/Maps/Head.Head:PersistentLevel.VolumetricCloud_0
 |- Actor Package: /Game/__ExternalActors__/TopDown/Maps/Head/2/0Y/D7CKQY5HRS7H31AUETMGHX
 |- Actor Path: /Game/TopDown/Maps/Head.Head:PersistentLevel.WorldDataLayers
 |- Actor Package: /Game/__ExternalActors__/TopDown/Maps/Head/4/E2/F198852SBQ1MNDQIOK9886

----------------------------------------------------------------------------------------------------------------
Head - Runtime Hash Set
----------------------------------------------------------------------------------------------------------------

