[+] Containers:
 |- [+] Container: /Game/Maps/Map2
 |   |- [+] ActorDescs:
 |   |   |- Guid:12E816944EF722AE80C9FC8EB1DBADED BaseClass: NativeClass:/Script/Engine.PostProcessVolume Name:PostProcessVolume_1 Label:PostProcessVolume SpatiallyLoaded:0 Bounds:IsValid=true, Min=(X=0.000 Y=0.000 Z=400.000), Max=(X=200.000 Y=200.000 Z=600.000) RuntimeGrid:None EditorOnly:0 RuntimeOnly:0 HLODRelevant:0 ListedInSceneOutliner:1 IsMainWorldOnly:0 FolderPath:Lighting FolderGuid:4C9334684BA61B42C769F799D2576455
 |   |   |- Guid:14A68EDC45708D3F07411787A57E670E BaseClass: NativeClass:/Script/Engine.TextRenderActor Name:TextRenderActor_UAID_C45AB1EAFD19F02202_1415808659 Label:TextRenderActor2 SpatiallyLoaded:1 Bounds:IsValid=true, Min=(X=199.900 Y=13090.000 Z=65.013), Max=(X=199.900 Y=15334.231 Z=215.013) RuntimeGrid:None EditorOnly:0 RuntimeOnly:0 HLODRelevant:0 ListedInSceneOutliner:1 IsMainWorldOnly:0
 |   |   |- Guid:1800150448E06B41FEB447ACE5347AA8 BaseClass: NativeClass:/Script/Landscape.LandscapeStreamingProxy Name:LandscapeStreamingProxy_5ZTLCWNWI3P0WYLTC1OBTHMUT_62_0_0_0 Label:LandscapeStreamingProxy_0_0_0 SpatiallyLoaded:1 Bounds:IsValid=true, Min=(X=-27420.000 Y=-1030.000 Z=-100.000), Max=(X=-21220.000 Y=5170.000 Z=100.000) RuntimeGrid:None EditorOnly:0 RuntimeOnly:0 HLODRelevant:1 ListedInSceneOutliner:1 IsMainWorldOnly:0
 |   |   |- Guid:1BBD40974A966A53B9613586168F376B BaseClass: NativeClass:/Script/Landscape.LandscapeStreamingProxy Name:LandscapeStreamingProxy_5ZTLCWNWI3P0WYLTC1OBTHMUT_62_2_2_0 Label:LandscapeStreamingProxy_2_2_0 SpatiallyLoaded:1 Bounds:IsValid=true, Min=(X=-15020.000 Y=11370.000 Z=-100.000), Max=(X=-8820.000 Y=17570.000 Z=100.000) RuntimeGrid:None EditorOnly:0 RuntimeOnly:0 HLODRelevant:1 ListedInSceneOutliner:1 IsMainWorldOnly:0
 |   |   |- Guid:1E14533D4B38AEDAB38ACE80D43705CE BaseClass:/Game/Actors/BP_TestGuy.BP_TestGuy_C NativeClass:/Script/Engine.Actor Name:BP_TestGuy_C_UAID_C45AB1EB11AB8F2202_2013546567 Label:BP_TestGuy SpatiallyLoaded:1 Bounds:IsValid=true, Min=(X=1020.000 Y=1320.000 Z=20.000), Max=(X=1120.000 Y=1420.000 Z=120.000) RuntimeGrid:None EditorOnly:0 RuntimeOnly:0 HLODRelevant:0 ListedInSceneOutliner:1 IsMainWorldOnly:0
 |   |   |- Guid:333EE6CF4F8E6B0FEC857AA77E0209D2 BaseClass: NativeClass:/Script/Engine.ExponentialHeightFog Name:ExponentialHeightFog_1 Label:ExponentialHeightFog SpatiallyLoaded:0 Bounds:IsValid=true, Min=(X=-5600.000 Y=-50.000 Z=-6850.000), Max=(X=-5600.000 Y=-50.000 Z=-6850.000) RuntimeGrid:None EditorOnly:0 RuntimeOnly:0 HLODRelevant:0 ListedInSceneOutliner:1 IsMainWorldOnly:0 FolderPath:Lighting FolderGuid:4C9334684BA61B42C769F799D2576455
 |   |   |- Guid:4202E8BE42024B8ACD6EABA63711C0C4 BaseClass: NativeClass:/Script/Engine.PlayerStart Name:PlayerStart_0 Label:PlayerStart SpatiallyLoaded:0 Bounds:IsValid=true, Min=(X=-26110.000 Y=690.000 Z=0.013), Max=(X=-26030.000 Y=770.000 Z=184.013) RuntimeGrid:None EditorOnly:0 RuntimeOnly:0 HLODRelevant:0 ListedInSceneOutliner:1 IsMainWorldOnly:0
 |   |   |- Guid:49EA2504486A8A5CA30149BEDE778E2C BaseClass: NativeClass:/Script/Landscape.LandscapeStreamingProxy Name:LandscapeStreamingProxy_5ZTLCWNWI3P0WYLTC1OBTHMUT_62_3_0_0 Label:LandscapeStreamingProxy_3_0_0 SpatiallyLoaded:1 Bounds:IsValid=true, Min=(X=-8820.000 Y=-1030.000 Z=-100.000), Max=(X=-2620.000 Y=5170.000 Z=100.000) RuntimeGrid:None EditorOnly:0 RuntimeOnly:0 HLODRelevant:1 ListedInSceneOutliner:1 IsMainWorldOnly:0
 |   |   |- Guid:4F00C71947988F26A100AE8F7D254B79 BaseClass: NativeClass:/Script/NavigationSystem.NavMeshBoundsVolume Name:NavMeshBoundsVolume_1 Label:NavMeshBoundsVolume SpatiallyLoaded:0 Bounds:IsValid=true, Min=(X=-27384.884 Y=-898.965 Z=-110.000), Max=(X=3544.884 Y=29878.965 Z=390.000) RuntimeGrid:None EditorOnly:0 RuntimeOnly:0 HLODRelevant:0 ListedInSceneOutliner:1 IsMainWorldOnly:0 FolderPath:Navigation FolderGuid:AE45D61F453CC144CF8289862C276E89
 |   |   |- Guid:5A681F0C4F74EB258F2A8DBB20093D00 BaseClass: NativeClass:/Script/Engine.StaticMeshActor Name:StaticMeshActor_UAID_A4AE111137DC5CFB00_1660657071 Label:SM_SkySphere SpatiallyLoaded:0 Bounds:IsValid=true, Min=(X=-1638320.000 Y=-1638400.000 Z=-1638400.000), Max=(X=1638480.000 Y=1638400.000 Z=1638400.000) RuntimeGrid:None EditorOnly:0 RuntimeOnly:0 HLODRelevant:0 ListedInSceneOutliner:1 IsMainWorldOnly:0 FolderPath:Lighting FolderGuid:4C9334684BA61B42C769F799D2576455
 |   |   |- Guid:5CEE2C204582A577C6970DADC7B88714 BaseClass:/Game/Actors/BP_Creature_Bear.BP_Creature_Bear_C NativeClass:/Script/Engine.Pawn Name:BP_Creature_Bear_C_UAID_C45AB1EB11AB192302_1519751855 Label:BP_Creature_Bear SpatiallyLoaded:1 Bounds:IsValid=true, Min=(X=1142.000 Y=1842.000 Z=-128.000), Max=(X=1718.000 Y=2418.000 Z=448.000) RuntimeGrid:None EditorOnly:0 RuntimeOnly:0 HLODRelevant:0 ListedInSceneOutliner:1 IsMainWorldOnly:0
 |   |   |- Guid:6F82142A48DCF32682AAEE969F3CE223 BaseClass: NativeClass:/Script/Landscape.LandscapeStreamingProxy Name:LandscapeStreamingProxy_5ZTLCWNWI3P0WYLTC1OBTHMUT_62_0_1_0 Label:LandscapeStreamingProxy_0_1_0 SpatiallyLoaded:1 Bounds:IsValid=true, Min=(X=-27420.000 Y=5170.000 Z=-100.000), Max=(X=-21220.000 Y=11370.000 Z=100.000) RuntimeGrid:None EditorOnly:0 RuntimeOnly:0 HLODRelevant:1 ListedInSceneOutliner:1 IsMainWorldOnly:0
 |   |   |- Guid:73850A8C49720257A7223D94AA7A1154 BaseClass: NativeClass:/Script/Landscape.LandscapeStreamingProxy Name:LandscapeStreamingProxy_5ZTLCWNWI3P0WYLTC1OBTHMUT_62_1_3_0 Label:LandscapeStreamingProxy_1_3_0 SpatiallyLoaded:1 Bounds:IsValid=true, Min=(X=-21220.000 Y=17570.000 Z=-100.000), Max=(X=-15020.000 Y=23770.000 Z=100.000) RuntimeGrid:None EditorOnly:0 RuntimeOnly:0 HLODRelevant:1 ListedInSceneOutliner:1 IsMainWorldOnly:0
 |   |   |- Guid:79BDCDD14A1F6A923B7E07834A102401 BaseClass: NativeClass:/Script/Engine.SkyAtmosphere Name:SkyAtmosphere_1 Label:SkyAtmosphere SpatiallyLoaded:0 Bounds:IsValid=true, Min=(X=0.000 Y=0.000 Z=1020.000), Max=(X=0.000 Y=0.000 Z=1020.000) RuntimeGrid:None EditorOnly:0 RuntimeOnly:0 HLODRelevant:0 ListedInSceneOutliner:1 IsMainWorldOnly:0 FolderPath:Lighting FolderGuid:4C9334684BA61B42C769F799D2576455
 |   |   |- Guid:83A5EA3444688CD013FA259222A2218D BaseClass: NativeClass:/Script/Engine.VolumetricCloud Name:VolumetricCloud_0 Label:VolumetricCloud SpatiallyLoaded:0 Bounds:IsValid=true, Min=(X=0.000 Y=0.000 Z=820.000), Max=(X=0.000 Y=0.000 Z=820.000) RuntimeGrid:None EditorOnly:0 RuntimeOnly:0 HLODRelevant:0 ListedInSceneOutliner:1 IsMainWorldOnly:0 FolderPath:Lighting FolderGuid:4C9334684BA61B42C769F799D2576455
 |   |   |- Guid:948901A340B24A6776D0EDA92620E24F BaseClass: NativeClass:/Script/Landscape.LandscapeStreamingProxy Name:LandscapeStreamingProxy_5ZTLCWNWI3P0WYLTC1OBTHMUT_62_4_4_0 Label:LandscapeStreamingProxy_4_4_0 SpatiallyLoaded:1 Bounds:IsValid=true, Min=(X=-2620.000 Y=23770.000 Z=-100.000), Max=(X=3580.000 Y=29970.000 Z=100.000) RuntimeGrid:None EditorOnly:0 RuntimeOnly:0 HLODRelevant:1 ListedInSceneOutliner:1 IsMainWorldOnly:0
 |   |   |- Guid:97759E8346EBEB2529B02C803062A1D6 BaseClass: NativeClass:/Script/Landscape.LandscapeStreamingProxy Name:LandscapeStreamingProxy_5ZTLCWNWI3P0WYLTC1OBTHMUT_62_0_3_0 Label:LandscapeStreamingProxy_0_3_0 SpatiallyLoaded:1 Bounds:IsValid=true, Min=(X=-27420.000 Y=17570.000 Z=-100.000), Max=(X=-21220.000 Y=23770.000 Z=100.000) RuntimeGrid:None EditorOnly:0 RuntimeOnly:0 HLODRelevant:1 ListedInSceneOutliner:1 IsMainWorldOnly:0
 |   |   |- Guid:9B75AAF1432803D31CD94696D0838FA4 BaseClass: NativeClass:/Script/Engine.WorldDataLayers Name:WorldDataLayers Label:WorldDataLayers SpatiallyLoaded:0 Bounds:Invalid RuntimeGrid:None EditorOnly:0 RuntimeOnly:0 HLODRelevant:0 ListedInSceneOutliner:1 IsMainWorldOnly:1
 |   |   |- Guid:A13F905F4CA9D321981D858C474F1752 BaseClass: NativeClass:/Script/Landscape.LandscapeStreamingProxy Name:LandscapeStreamingProxy_5ZTLCWNWI3P0WYLTC1OBTHMUT_62_0_2_0 Label:LandscapeStreamingProxy_0_2_0 SpatiallyLoaded:1 Bounds:IsValid=true, Min=(X=-27420.000 Y=11370.000 Z=-100.000), Max=(X=-21220.000 Y=17570.000 Z=100.000) RuntimeGrid:None EditorOnly:0 RuntimeOnly:0 HLODRelevant:1 ListedInSceneOutliner:1 IsMainWorldOnly:0
 |   |   |- Guid:A82962BE4E68997189174E9F59C68366 BaseClass: NativeClass:/Script/Landscape.LandscapeStreamingProxy Name:LandscapeStreamingProxy_5ZTLCWNWI3P0WYLTC1OBTHMUT_62_4_0_0 Label:LandscapeStreamingProxy_4_0_0 SpatiallyLoaded:1 Bounds:IsValid=true, Min=(X=-2620.000 Y=-1030.000 Z=-100.000), Max=(X=3580.000 Y=5170.000 Z=100.000) RuntimeGrid:None EditorOnly:0 RuntimeOnly:0 HLODRelevant:1 ListedInSceneOutliner:1 IsMainWorldOnly:0
 |   |   |- Guid:AA0C606448BF5AA2997861AD7AB566CC BaseClass: NativeClass:/Script/Landscape.LandscapeStreamingProxy Name:LandscapeStreamingProxy_5ZTLCWNWI3P0WYLTC1OBTHMUT_62_4_3_0 Label:LandscapeStreamingProxy_4_3_0 SpatiallyLoaded:1 Bounds:IsValid=true, Min=(X=-2620.000 Y=17570.000 Z=-100.000), Max=(X=3580.000 Y=23770.000 Z=100.000) RuntimeGrid:None EditorOnly:0 RuntimeOnly:0 HLODRelevant:1 ListedInSceneOutliner:1 IsMainWorldOnly:0
 |   |   |- Guid:AA4F45424F774C5C9EE81F8B52DBB6DF BaseClass: NativeClass:/Script/Engine.TextRenderActor Name:TextRenderActor_0 Label:TextRenderActor SpatiallyLoaded:1 Bounds:IsValid=true, Min=(X=-0.100 Y=1100.000 Z=65.013), Max=(X=-0.100 Y=2225.000 Z=215.013) RuntimeGrid:None EditorOnly:0 RuntimeOnly:0 HLODRelevant:0 ListedInSceneOutliner:1 IsMainWorldOnly:0
 |   |   |- Guid:AE06BC014272213F8C37889B6AF68AB6 BaseClass: NativeClass:/Script/Landscape.LandscapeStreamingProxy Name:LandscapeStreamingProxy_5ZTLCWNWI3P0WYLTC1OBTHMUT_62_1_1_0 Label:LandscapeStreamingProxy_1_1_0 SpatiallyLoaded:1 Bounds:IsValid=true, Min=(X=-21220.000 Y=5170.000 Z=-100.000), Max=(X=-15020.000 Y=11370.000 Z=100.000) RuntimeGrid:None EditorOnly:0 RuntimeOnly:0 HLODRelevant:1 ListedInSceneOutliner:1 IsMainWorldOnly:0
 |   |   |- Guid:B3EC33DC46B3B1C3B3B73287D90C719E BaseClass: NativeClass:/Script/Landscape.LandscapeStreamingProxy Name:LandscapeStreamingProxy_5ZTLCWNWI3P0WYLTC1OBTHMUT_62_3_3_0 Label:LandscapeStreamingProxy_3_3_0 SpatiallyLoaded:1 Bounds:IsValid=true, Min=(X=-8820.000 Y=17570.000 Z=-100.000), Max=(X=-2620.000 Y=23770.000 Z=100.000) RuntimeGrid:None EditorOnly:0 RuntimeOnly:0 HLODRelevant:1 ListedInSceneOutliner:1 IsMainWorldOnly:0
 |   |   |- Guid:B9C98A4F4C277D17C15904A5CC19E092 BaseClass: NativeClass:/Script/Landscape.LandscapeStreamingProxy Name:LandscapeStreamingProxy_5ZTLCWNWI3P0WYLTC1OBTHMUT_62_2_4_0 Label:LandscapeStreamingProxy_2_4_0 SpatiallyLoaded:1 Bounds:IsValid=true, Min=(X=-15020.000 Y=23770.000 Z=-100.000), Max=(X=-8820.000 Y=29970.000 Z=100.000) RuntimeGrid:None EditorOnly:0 RuntimeOnly:0 HLODRelevant:1 ListedInSceneOutliner:1 IsMainWorldOnly:0
 |   |   |- Guid:C00794D54CB9871C55C2F5AC45A86A5D BaseClass: NativeClass:/Script/Landscape.LandscapeStreamingProxy Name:LandscapeStreamingProxy_5ZTLCWNWI3P0WYLTC1OBTHMUT_62_4_2_0 Label:LandscapeStreamingProxy_4_2_0 SpatiallyLoaded:1 Bounds:IsValid=true, Min=(X=-2620.000 Y=11370.000 Z=-100.000), Max=(X=3580.000 Y=17570.000 Z=100.000) RuntimeGrid:None EditorOnly:0 RuntimeOnly:0 HLODRelevant:1 ListedInSceneOutliner:1 IsMainWorldOnly:0
 |   |   |- Guid:C46508354BCAB39B51BAFD96CA11344C BaseClass: NativeClass:/Script/Landscape.LandscapeStreamingProxy Name:LandscapeStreamingProxy_5ZTLCWNWI3P0WYLTC1OBTHMUT_62_3_4_0 Label:LandscapeStreamingProxy_3_4_0 SpatiallyLoaded:1 Bounds:IsValid=true, Min=(X=-8820.000 Y=23770.000 Z=-100.000), Max=(X=-2620.000 Y=29970.000 Z=100.000) RuntimeGrid:None EditorOnly:0 RuntimeOnly:0 HLODRelevant:1 ListedInSceneOutliner:1 IsMainWorldOnly:0
 |   |   |- Guid:C67810F7408D7B07FB5773B1AD86428F BaseClass: NativeClass:/Script/Landscape.LandscapeStreamingProxy Name:LandscapeStreamingProxy_5ZTLCWNWI3P0WYLTC1OBTHMUT_62_1_4_0 Label:LandscapeStreamingProxy_1_4_0 SpatiallyLoaded:1 Bounds:IsValid=true, Min=(X=-21220.000 Y=23770.000 Z=-100.000), Max=(X=-15020.000 Y=29970.000 Z=100.000) RuntimeGrid:None EditorOnly:0 RuntimeOnly:0 HLODRelevant:1 ListedInSceneOutliner:1 IsMainWorldOnly:0
 |   |   |- Guid:C7D63C914D6ECB2D8DC5DBA705E0238A BaseClass: NativeClass:/Script/Landscape.LandscapeStreamingProxy Name:LandscapeStreamingProxy_5ZTLCWNWI3P0WYLTC1OBTHMUT_62_0_4_0 Label:LandscapeStreamingProxy_0_4_0 SpatiallyLoaded:1 Bounds:IsValid=true, Min=(X=-27420.000 Y=23770.000 Z=-100.000), Max=(X=-21220.000 Y=29970.000 Z=100.000) RuntimeGrid:None EditorOnly:0 RuntimeOnly:0 HLODRelevant:1 ListedInSceneOutliner:1 IsMainWorldOnly:0
 |   |   |- Guid:CB3D3C644041A38DF58BE3BEEC46AF85 BaseClass: NativeClass:/Script/Landscape.LandscapeStreamingProxy Name:LandscapeStreamingProxy_5ZTLCWNWI3P0WYLTC1OBTHMUT_62_1_0_0 Label:LandscapeStreamingProxy_1_0_0 SpatiallyLoaded:1 Bounds:IsValid=true, Min=(X=-21220.000 Y=-1030.000 Z=-100.000), Max=(X=-15020.000 Y=5170.000 Z=100.000) RuntimeGrid:None EditorOnly:0 RuntimeOnly:0 HLODRelevant:1 ListedInSceneOutliner:1 IsMainWorldOnly:0
 |   |   |- Guid:E34358AF4BC51F0273FA2DA101DFA505 BaseClass: NativeClass:/Script/Landscape.LandscapeStreamingProxy Name:LandscapeStreamingProxy_5ZTLCWNWI3P0WYLTC1OBTHMUT_62_3_1_0 Label:LandscapeStreamingProxy_3_1_0 SpatiallyLoaded:1 Bounds:IsValid=true, Min=(X=-8820.000 Y=5170.000 Z=-100.000), Max=(X=-2620.000 Y=11370.000 Z=100.000) RuntimeGrid:None EditorOnly:0 RuntimeOnly:0 HLODRelevant:1 ListedInSceneOutliner:1 IsMainWorldOnly:0
 |   |   |- Guid:EA284A7149FA6662D1D60796372C4B04 BaseClass: NativeClass:/Script/Landscape.LandscapeStreamingProxy Name:LandscapeStreamingProxy_5ZTLCWNWI3P0WYLTC1OBTHMUT_62_2_0_0 Label:LandscapeStreamingProxy_2_0_0 SpatiallyLoaded:1 Bounds:IsValid=true, Min=(X=-15020.000 Y=-1030.000 Z=-100.000), Max=(X=-8820.000 Y=5170.000 Z=100.000) RuntimeGrid:None EditorOnly:0 RuntimeOnly:0 HLODRelevant:1 ListedInSceneOutliner:1 IsMainWorldOnly:0
 |   |   |- Guid:EBDF80AD406F62D4437D58BE0090213E BaseClass: NativeClass:/Script/Engine.SkyLight Name:SkyLight_1 Label:SkyLight SpatiallyLoaded:0 Bounds:IsValid=true, Min=(X=0.000 Y=0.000 Z=690.000), Max=(X=0.000 Y=0.000 Z=690.000) RuntimeGrid:None EditorOnly:0 RuntimeOnly:0 HLODRelevant:0 ListedInSceneOutliner:1 IsMainWorldOnly:0 FolderPath:Lighting FolderGuid:4C9334684BA61B42C769F799D2576455
 |   |   |- Guid:ED56234842A1762CAA16B08852179272 BaseClass: NativeClass:/Script/Landscape.Landscape Name:Landscape_UAID_C45AB1EAFD190C2302_1130034717 Label:Landscape SpatiallyLoaded:0 Bounds:IsValid=true, Min=(X=-27420.000 Y=-1030.000 Z=0.000), Max=(X=-27420.000 Y=-1030.000 Z=0.000) RuntimeGrid:None EditorOnly:0 RuntimeOnly:0 HLODRelevant:0 ListedInSceneOutliner:1 IsMainWorldOnly:0
 |   |   |- Guid:F01D2F3A48D28C49A7640580AB4C1E7A BaseClass: NativeClass:/Script/Landscape.LandscapeStreamingProxy Name:LandscapeStreamingProxy_5ZTLCWNWI3P0WYLTC1OBTHMUT_62_1_2_0 Label:LandscapeStreamingProxy_1_2_0 SpatiallyLoaded:1 Bounds:IsValid=true, Min=(X=-21220.000 Y=11370.000 Z=-100.000), Max=(X=-15020.000 Y=17570.000 Z=100.000) RuntimeGrid:None EditorOnly:0 RuntimeOnly:0 HLODRelevant:1 ListedInSceneOutliner:1 IsMainWorldOnly:0
 |   |   |- Guid:F1001EC5435BED061E1B6D9FB860A535 BaseClass:/Game/Actors/BP_CreatureFrog.BP_CreatureFrog_C NativeClass:/Script/Engine.Pawn Name:BP_CreatureFrog_C_UAID_C45AB1EB179D1E2302_1742290735 Label:BP_CreatureFrog SpatiallyLoaded:1 Bounds:IsValid=true, Min=(X=312.000 Y=2182.000 Z=-128.000), Max=(X=888.000 Y=2758.000 Z=448.000) RuntimeGrid:None EditorOnly:0 RuntimeOnly:0 HLODRelevant:0 ListedInSceneOutliner:1 IsMainWorldOnly:0
 |   |   |- Guid:F13E601041C2225453EC4486C6C535B9 BaseClass: NativeClass:/Script/Landscape.LandscapeStreamingProxy Name:LandscapeStreamingProxy_5ZTLCWNWI3P0WYLTC1OBTHMUT_62_2_3_0 Label:LandscapeStreamingProxy_2_3_0 SpatiallyLoaded:1 Bounds:IsValid=true, Min=(X=-15020.000 Y=17570.000 Z=-100.000), Max=(X=-8820.000 Y=23770.000 Z=100.000) RuntimeGrid:None EditorOnly:0 RuntimeOnly:0 HLODRelevant:1 ListedInSceneOutliner:1 IsMainWorldOnly:0
 |   |   |- Guid:F22F89D749A6A99364188AA5F7883CB6 BaseClass: NativeClass:/Script/Landscape.LandscapeStreamingProxy Name:LandscapeStreamingProxy_5ZTLCWNWI3P0WYLTC1OBTHMUT_62_2_1_0 Label:LandscapeStreamingProxy_2_1_0 SpatiallyLoaded:1 Bounds:IsValid=true, Min=(X=-15020.000 Y=5170.000 Z=-100.000), Max=(X=-8820.000 Y=11370.000 Z=100.000) RuntimeGrid:None EditorOnly:0 RuntimeOnly:0 HLODRelevant:1 ListedInSceneOutliner:1 IsMainWorldOnly:0
 |   |   |- Guid:F6243B5143069F392B9A9D80EE1AECFE BaseClass: NativeClass:/Script/Landscape.LandscapeStreamingProxy Name:LandscapeStreamingProxy_5ZTLCWNWI3P0WYLTC1OBTHMUT_62_3_2_0 Label:LandscapeStreamingProxy_3_2_0 SpatiallyLoaded:1 Bounds:IsValid=true, Min=(X=-8820.000 Y=11370.000 Z=-100.000), Max=(X=-2620.000 Y=17570.000 Z=100.000) RuntimeGrid:None EditorOnly:0 RuntimeOnly:0 HLODRelevant:1 ListedInSceneOutliner:1 IsMainWorldOnly:0
 |   |   |- Guid:F7F02A244A725F3DD799F387248D2E5C BaseClass:/Game/Environment/BP_Prop.BP_Prop_C NativeClass:/Script/Engine.Actor Name:BP_Prop_C_UAID_C45AB1EAFD19202302_2084952087 Label:BP_Prop SpatiallyLoaded:1 Bounds:IsValid=true, Min=(X=-25774.500 Y=777.500 Z=61.500), Max=(X=-25586.000 Y=782.500 Z=178.500) RuntimeGrid:None EditorOnly:0 RuntimeOnly:0 HLODRelevant:0 ListedInSceneOutliner:1 IsMainWorldOnly:0
 |   |   |- Guid:FB47349645BD66C2350F17A393D4AD67 BaseClass: NativeClass:/Script/Engine.DirectionalLight Name:DirectionalLight_1 Label:DirectionalLight SpatiallyLoaded:0 Bounds:Invalid RuntimeGrid:None EditorOnly:0 RuntimeOnly:0 HLODRelevant:0 ListedInSceneOutliner:1 IsMainWorldOnly:0 FolderPath:Lighting FolderGuid:4C9334684BA61B42C769F799D2576455
 |   |   |- Guid:FBFF2697455B9B017A833A945331FD4A BaseClass: NativeClass:/Script/Engine.StaticMeshActor Name:StaticMeshActor_UAID_C45AB1EAFD19202302_1199766087 Label:Plane SpatiallyLoaded:1 Bounds:IsValid=true, Min=(X=-26697.321 Y=-297.321 Z=30.000), Max=(X=2957.321 Y=29357.321 Z=30.000) RuntimeGrid:None EditorOnly:0 RuntimeOnly:0 HLODRelevant:1 ListedInSceneOutliner:1 IsMainWorldOnly:0
 |   |   |- Guid:FD8E195548401F48A865C9B01580D095 BaseClass: NativeClass:/Script/Landscape.LandscapeStreamingProxy Name:LandscapeStreamingProxy_5ZTLCWNWI3P0WYLTC1OBTHMUT_62_4_1_0 Label:LandscapeStreamingProxy_4_1_0 SpatiallyLoaded:1 Bounds:IsValid=true, Min=(X=-2620.000 Y=5170.000 Z=-100.000), Max=(X=3580.000 Y=11370.000 Z=100.000) RuntimeGrid:None EditorOnly:0 RuntimeOnly:0 HLODRelevant:1 ListedInSceneOutliner:1 IsMainWorldOnly:0
 |   |- [+] Clusters:
 |   |   |- [+] [  0]
 |   |   |   |- Guid:12E816944EF722AE80C9FC8EB1DBADED BaseClass: NativeClass:/Script/Engine.PostProcessVolume Name:PostProcessVolume_1 Label:PostProcessVolume SpatiallyLoaded:0 Bounds:IsValid=true, Min=(X=0.000 Y=0.000 Z=400.000), Max=(X=200.000 Y=200.000 Z=600.000) RuntimeGrid:None EditorOnly:0 RuntimeOnly:0 HLODRelevant:0 ListedInSceneOutliner:1 IsMainWorldOnly:0 FolderPath:Lighting FolderGuid:4C9334684BA61B42C769F799D2576455
 |   |   |- [+] [  1]
 |   |   |   |- Guid:14A68EDC45708D3F07411787A57E670E BaseClass: NativeClass:/Script/Engine.TextRenderActor Name:TextRenderActor_UAID_C45AB1EAFD19F02202_1415808659 Label:TextRenderActor2 SpatiallyLoaded:1 Bounds:IsValid=true, Min=(X=199.900 Y=13090.000 Z=65.013), Max=(X=199.900 Y=15334.231 Z=215.013) RuntimeGrid:None EditorOnly:0 RuntimeOnly:0 HLODRelevant:0 ListedInSceneOutliner:1 IsMainWorldOnly:0
 |   |   |- [+] [  2]
 |   |   |   |- Guid:1800150448E06B41FEB447ACE5347AA8 BaseClass: NativeClass:/Script/Landscape.LandscapeStreamingProxy Name:LandscapeStreamingProxy_5ZTLCWNWI3P0WYLTC1OBTHMUT_62_0_0_0 Label:LandscapeStreamingProxy_0_0_0 SpatiallyLoaded:1 Bounds:IsValid=true, Min=(X=-27420.000 Y=-1030.000 Z=-100.000), Max=(X=-21220.000 Y=5170.000 Z=100.000) RuntimeGrid:None EditorOnly:0 RuntimeOnly:0 HLODRelevant:1 ListedInSceneOutliner:1 IsMainWorldOnly:0
 |   |   |- [+] [  3]
 |   |   |   |- Guid:1BBD40974A966A53B9613586168F376B BaseClass: NativeClass:/Script/Landscape.LandscapeStreamingProxy Name:LandscapeStreamingProxy_5ZTLCWNWI3P0WYLTC1OBTHMUT_62_2_2_0 Label:LandscapeStreamingProxy_2_2_0 SpatiallyLoaded:1 Bounds:IsValid=true, Min=(X=-15020.000 Y=11370.000 Z=-100.000), Max=(X=-8820.000 Y=17570.000 Z=100.000) RuntimeGrid:None EditorOnly:0 RuntimeOnly:0 HLODRelevant:1 ListedInSceneOutliner:1 IsMainWorldOnly:0
 |   |   |- [+] [  4]
 |   |   |   |- Guid:1E14533D4B38AEDAB38ACE80D43705CE BaseClass:/Game/Actors/BP_TestGuy.BP_TestGuy_C NativeClass:/Script/Engine.Actor Name:BP_TestGuy_C_UAID_C45AB1EB11AB8F2202_2013546567 Label:BP_TestGuy SpatiallyLoaded:1 Bounds:IsValid=true, Min=(X=1020.000 Y=1320.000 Z=20.000), Max=(X=1120.000 Y=1420.000 Z=120.000) RuntimeGrid:None EditorOnly:0 RuntimeOnly:0 HLODRelevant:0 ListedInSceneOutliner:1 IsMainWorldOnly:0
 |   |   |- [+] [  5]
 |   |   |   |- Guid:333EE6CF4F8E6B0FEC857AA77E0209D2 BaseClass: NativeClass:/Script/Engine.ExponentialHeightFog Name:ExponentialHeightFog_1 Label:ExponentialHeightFog SpatiallyLoaded:0 Bounds:IsValid=true, Min=(X=-5600.000 Y=-50.000 Z=-6850.000), Max=(X=-5600.000 Y=-50.000 Z=-6850.000) RuntimeGrid:None EditorOnly:0 RuntimeOnly:0 HLODRelevant:0 ListedInSceneOutliner:1 IsMainWorldOnly:0 FolderPath:Lighting FolderGuid:4C9334684BA61B42C769F799D2576455
 |   |   |- [+] [  6]
 |   |   |   |- Guid:4202E8BE42024B8ACD6EABA63711C0C4 BaseClass: NativeClass:/Script/Engine.PlayerStart Name:PlayerStart_0 Label:PlayerStart SpatiallyLoaded:0 Bounds:IsValid=true, Min=(X=-26110.000 Y=690.000 Z=0.013), Max=(X=-26030.000 Y=770.000 Z=184.013) RuntimeGrid:None EditorOnly:0 RuntimeOnly:0 HLODRelevant:0 ListedInSceneOutliner:1 IsMainWorldOnly:0
 |   |   |- [+] [  7]
 |   |   |   |- Guid:49EA2504486A8A5CA30149BEDE778E2C BaseClass: NativeClass:/Script/Landscape.LandscapeStreamingProxy Name:LandscapeStreamingProxy_5ZTLCWNWI3P0WYLTC1OBTHMUT_62_3_0_0 Label:LandscapeStreamingProxy_3_0_0 SpatiallyLoaded:1 Bounds:IsValid=true, Min=(X=-8820.000 Y=-1030.000 Z=-100.000), Max=(X=-2620.000 Y=5170.000 Z=100.000) RuntimeGrid:None EditorOnly:0 RuntimeOnly:0 HLODRelevant:1 ListedInSceneOutliner:1 IsMainWorldOnly:0
 |   |   |- [+] [  8]
 |   |   |   |- Guid:4F00C71947988F26A100AE8F7D254B79 BaseClass: NativeClass:/Script/NavigationSystem.NavMeshBoundsVolume Name:NavMeshBoundsVolume_1 Label:NavMeshBoundsVolume SpatiallyLoaded:0 Bounds:IsValid=true, Min=(X=-27384.884 Y=-898.965 Z=-110.000), Max=(X=3544.884 Y=29878.965 Z=390.000) RuntimeGrid:None EditorOnly:0 RuntimeOnly:0 HLODRelevant:0 ListedInSceneOutliner:1 IsMainWorldOnly:0 FolderPath:Navigation FolderGuid:AE45D61F453CC144CF8289862C276E89
 |   |   |- [+] [  9]
 |   |   |   |- Guid:5A681F0C4F74EB258F2A8DBB20093D00 BaseClass: NativeClass:/Script/Engine.StaticMeshActor Name:StaticMeshActor_UAID_A4AE111137DC5CFB00_1660657071 Label:SM_SkySphere SpatiallyLoaded:0 Bounds:IsValid=true, Min=(X=-1638320.000 Y=-1638400.000 Z=-1638400.000), Max=(X=1638480.000 Y=1638400.000 Z=1638400.000) RuntimeGrid:None EditorOnly:0 RuntimeOnly:0 HLODRelevant:0 ListedInSceneOutliner:1 IsMainWorldOnly:0 FolderPath:Lighting FolderGuid:4C9334684BA61B42C769F799D2576455
 |   |   |- [+] [ 10]
 |   |   |   |- Guid:5CEE2C204582A577C6970DADC7B88714 BaseClass:/Game/Actors/BP_Creature_Bear.BP_Creature_Bear_C NativeClass:/Script/Engine.Pawn Name:BP_Creature_Bear_C_UAID_C45AB1EB11AB192302_1519751855 Label:BP_Creature_Bear SpatiallyLoaded:1 Bounds:IsValid=true, Min=(X=1142.000 Y=1842.000 Z=-128.000), Max=(X=1718.000 Y=2418.000 Z=448.000) RuntimeGrid:None EditorOnly:0 RuntimeOnly:0 HLODRelevant:0 ListedInSceneOutliner:1 IsMainWorldOnly:0
 |   |   |- [+] [ 11]
 |   |   |   |- Guid:6F82142A48DCF32682AAEE969F3CE223 BaseClass: NativeClass:/Script/Landscape.LandscapeStreamingProxy Name:LandscapeStreamingProxy_5ZTLCWNWI3P0WYLTC1OBTHMUT_62_0_1_0 Label:LandscapeStreamingProxy_0_1_0 SpatiallyLoaded:1 Bounds:IsValid=true, Min=(X=-27420.000 Y=5170.000 Z=-100.000), Max=(X=-21220.000 Y=11370.000 Z=100.000) RuntimeGrid:None EditorOnly:0 RuntimeOnly:0 HLODRelevant:1 ListedInSceneOutliner:1 IsMainWorldOnly:0
 |   |   |- [+] [ 12]
 |   |   |   |- Guid:73850A8C49720257A7223D94AA7A1154 BaseClass: NativeClass:/Script/Landscape.LandscapeStreamingProxy Name:LandscapeStreamingProxy_5ZTLCWNWI3P0WYLTC1OBTHMUT_62_1_3_0 Label:LandscapeStreamingProxy_1_3_0 SpatiallyLoaded:1 Bounds:IsValid=true, Min=(X=-21220.000 Y=17570.000 Z=-100.000), Max=(X=-15020.000 Y=23770.000 Z=100.000) RuntimeGrid:None EditorOnly:0 RuntimeOnly:0 HLODRelevant:1 ListedInSceneOutliner:1 IsMainWorldOnly:0
 |   |   |- [+] [ 13]
 |   |   |   |- Guid:79BDCDD14A1F6A923B7E07834A102401 BaseClass: NativeClass:/Script/Engine.SkyAtmosphere Name:SkyAtmosphere_1 Label:SkyAtmosphere SpatiallyLoaded:0 Bounds:IsValid=true, Min=(X=0.000 Y=0.000 Z=1020.000), Max=(X=0.000 Y=0.000 Z=1020.000) RuntimeGrid:None EditorOnly:0 RuntimeOnly:0 HLODRelevant:0 ListedInSceneOutliner:1 IsMainWorldOnly:0 FolderPath:Lighting FolderGuid:4C9334684BA61B42C769F799D2576455
 |   |   |- [+] [ 14]
 |   |   |   |- Guid:83A5EA3444688CD013FA259222A2218D BaseClass: NativeClass:/Script/Engine.VolumetricCloud Name:VolumetricCloud_0 Label:VolumetricCloud SpatiallyLoaded:0 Bounds:IsValid=true, Min=(X=0.000 Y=0.000 Z=820.000), Max=(X=0.000 Y=0.000 Z=820.000) RuntimeGrid:None EditorOnly:0 RuntimeOnly:0 HLODRelevant:0 ListedInSceneOutliner:1 IsMainWorldOnly:0 FolderPath:Lighting FolderGuid:4C9334684BA61B42C769F799D2576455
 |   |   |- [+] [ 15]
 |   |   |   |- Guid:948901A340B24A6776D0EDA92620E24F BaseClass: NativeClass:/Script/Landscape.LandscapeStreamingProxy Name:LandscapeStreamingProxy_5ZTLCWNWI3P0WYLTC1OBTHMUT_62_4_4_0 Label:LandscapeStreamingProxy_4_4_0 SpatiallyLoaded:1 Bounds:IsValid=true, Min=(X=-2620.000 Y=23770.000 Z=-100.000), Max=(X=3580.000 Y=29970.000 Z=100.000) RuntimeGrid:None EditorOnly:0 RuntimeOnly:0 HLODRelevant:1 ListedInSceneOutliner:1 IsMainWorldOnly:0
 |   |   |- [+] [ 16]
 |   |   |   |- Guid:97759E8346EBEB2529B02C803062A1D6 BaseClass: NativeClass:/Script/Landscape.LandscapeStreamingProxy Name:LandscapeStreamingProxy_5ZTLCWNWI3P0WYLTC1OBTHMUT_62_0_3_0 Label:LandscapeStreamingProxy_0_3_0 SpatiallyLoaded:1 Bounds:IsValid=true, Min=(X=-27420.000 Y=17570.000 Z=-100.000), Max=(X=-21220.000 Y=23770.000 Z=100.000) RuntimeGrid:None EditorOnly:0 RuntimeOnly:0 HLODRelevant:1 ListedInSceneOutliner:1 IsMainWorldOnly:0
 |   |   |- [+] [ 17]
 |   |   |   |- Guid:9B75AAF1432803D31CD94696D0838FA4 BaseClass: NativeClass:/Script/Engine.WorldDataLayers Name:WorldDataLayers Label:WorldDataLayers SpatiallyLoaded:0 Bounds:Invalid RuntimeGrid:None EditorOnly:0 RuntimeOnly:0 HLODRelevant:0 ListedInSceneOutliner:1 IsMainWorldOnly:1
 |   |   |- [+] [ 18]
 |   |   |   |- Guid:A13F905F4CA9D321981D858C474F1752 BaseClass: NativeClass:/Script/Landscape.LandscapeStreamingProxy Name:LandscapeStreamingProxy_5ZTLCWNWI3P0WYLTC1OBTHMUT_62_0_2_0 Label:LandscapeStreamingProxy_0_2_0 SpatiallyLoaded:1 Bounds:IsValid=true, Min=(X=-27420.000 Y=11370.000 Z=-100.000), Max=(X=-21220.000 Y=17570.000 Z=100.000) RuntimeGrid:None EditorOnly:0 RuntimeOnly:0 HLODRelevant:1 ListedInSceneOutliner:1 IsMainWorldOnly:0
 |   |   |- [+] [ 19]
 |   |   |   |- Guid:A82962BE4E68997189174E9F59C68366 BaseClass: NativeClass:/Script/Landscape.LandscapeStreamingProxy Name:LandscapeStreamingProxy_5ZTLCWNWI3P0WYLTC1OBTHMUT_62_4_0_0 Label:LandscapeStreamingProxy_4_0_0 SpatiallyLoaded:1 Bounds:IsValid=true, Min=(X=-2620.000 Y=-1030.000 Z=-100.000), Max=(X=3580.000 Y=5170.000 Z=100.000) RuntimeGrid:None EditorOnly:0 RuntimeOnly:0 HLODRelevant:1 ListedInSceneOutliner:1 IsMainWorldOnly:0
 |   |   |- [+] [ 20]
 |   |   |   |- Guid:AA0C606448BF5AA2997861AD7AB566CC BaseClass: NativeClass:/Script/Landscape.LandscapeStreamingProxy Name:LandscapeStreamingProxy_5ZTLCWNWI3P0WYLTC1OBTHMUT_62_4_3_0 Label:LandscapeStreamingProxy_4_3_0 SpatiallyLoaded:1 Bounds:IsValid=true, Min=(X=-2620.000 Y=17570.000 Z=-100.000), Max=(X=3580.000 Y=23770.000 Z=100.000) RuntimeGrid:None EditorOnly:0 RuntimeOnly:0 HLODRelevant:1 ListedInSceneOutliner:1 IsMainWorldOnly:0
 |   |   |- [+] [ 21]
 |   |   |   |- Guid:AA4F45424F774C5C9EE81F8B52DBB6DF BaseClass: NativeClass:/Script/Engine.TextRenderActor Name:TextRenderActor_0 Label:TextRenderActor SpatiallyLoaded:1 Bounds:IsValid=true, Min=(X=-0.100 Y=1100.000 Z=65.013), Max=(X=-0.100 Y=2225.000 Z=215.013) RuntimeGrid:None EditorOnly:0 RuntimeOnly:0 HLODRelevant:0 ListedInSceneOutliner:1 IsMainWorldOnly:0
 |   |   |- [+] [ 22]
 |   |   |   |- Guid:AE06BC014272213F8C37889B6AF68AB6 BaseClass: NativeClass:/Script/Landscape.LandscapeStreamingProxy Name:LandscapeStreamingProxy_5ZTLCWNWI3P0WYLTC1OBTHMUT_62_1_1_0 Label:LandscapeStreamingProxy_1_1_0 SpatiallyLoaded:1 Bounds:IsValid=true, Min=(X=-21220.000 Y=5170.000 Z=-100.000), Max=(X=-15020.000 Y=11370.000 Z=100.000) RuntimeGrid:None EditorOnly:0 RuntimeOnly:0 HLODRelevant:1 ListedInSceneOutliner:1 IsMainWorldOnly:0
 |   |   |- [+] [ 23]
 |   |   |   |- Guid:B3EC33DC46B3B1C3B3B73287D90C719E BaseClass: NativeClass:/Script/Landscape.LandscapeStreamingProxy Name:LandscapeStreamingProxy_5ZTLCWNWI3P0WYLTC1OBTHMUT_62_3_3_0 Label:LandscapeStreamingProxy_3_3_0 SpatiallyLoaded:1 Bounds:IsValid=true, Min=(X=-8820.000 Y=17570.000 Z=-100.000), Max=(X=-2620.000 Y=23770.000 Z=100.000) RuntimeGrid:None EditorOnly:0 RuntimeOnly:0 HLODRelevant:1 ListedInSceneOutliner:1 IsMainWorldOnly:0
 |   |   |- [+] [ 24]
 |   |   |   |- Guid:B9C98A4F4C277D17C15904A5CC19E092 BaseClass: NativeClass:/Script/Landscape.LandscapeStreamingProxy Name:LandscapeStreamingProxy_5ZTLCWNWI3P0WYLTC1OBTHMUT_62_2_4_0 Label:LandscapeStreamingProxy_2_4_0 SpatiallyLoaded:1 Bounds:IsValid=true, Min=(X=-15020.000 Y=23770.000 Z=-100.000), Max=(X=-8820.000 Y=29970.000 Z=100.000) RuntimeGrid:None EditorOnly:0 RuntimeOnly:0 HLODRelevant:1 ListedInSceneOutliner:1 IsMainWorldOnly:0
 |   |   |- [+] [ 25]
 |   |   |   |- Guid:C00794D54CB9871C55C2F5AC45A86A5D BaseClass: NativeClass:/Script/Landscape.LandscapeStreamingProxy Name:LandscapeStreamingProxy_5ZTLCWNWI3P0WYLTC1OBTHMUT_62_4_2_0 Label:LandscapeStreamingProxy_4_2_0 SpatiallyLoaded:1 Bounds:IsValid=true, Min=(X=-2620.000 Y=11370.000 Z=-100.000), Max=(X=3580.000 Y=17570.000 Z=100.000) RuntimeGrid:None EditorOnly:0 RuntimeOnly:0 HLODRelevant:1 ListedInSceneOutliner:1 IsMainWorldOnly:0
 |   |   |- [+] [ 26]
 |   |   |   |- Guid:C46508354BCAB39B51BAFD96CA11344C BaseClass: NativeClass:/Script/Landscape.LandscapeStreamingProxy Name:LandscapeStreamingProxy_5ZTLCWNWI3P0WYLTC1OBTHMUT_62_3_4_0 Label:LandscapeStreamingProxy_3_4_0 SpatiallyLoaded:1 Bounds:IsValid=true, Min=(X=-8820.000 Y=23770.000 Z=-100.000), Max=(X=-2620.000 Y=29970.000 Z=100.000) RuntimeGrid:None EditorOnly:0 RuntimeOnly:0 HLODRelevant:1 ListedInSceneOutliner:1 IsMainWorldOnly:0
 |   |   |- [+] [ 27]
 |   |   |   |- Guid:C67810F7408D7B07FB5773B1AD86428F BaseClass: NativeClass:/Script/Landscape.LandscapeStreamingProxy Name:LandscapeStreamingProxy_5ZTLCWNWI3P0WYLTC1OBTHMUT_62_1_4_0 Label:LandscapeStreamingProxy_1_4_0 SpatiallyLoaded:1 Bounds:IsValid=true, Min=(X=-21220.000 Y=23770.000 Z=-100.000), Max=(X=-15020.000 Y=29970.000 Z=100.000) RuntimeGrid:None EditorOnly:0 RuntimeOnly:0 HLODRelevant:1 ListedInSceneOutliner:1 IsMainWorldOnly:0
 |   |   |- [+] [ 28]
 |   |   |   |- Guid:C7D63C914D6ECB2D8DC5DBA705E0238A BaseClass: NativeClass:/Script/Landscape.LandscapeStreamingProxy Name:LandscapeStreamingProxy_5ZTLCWNWI3P0WYLTC1OBTHMUT_62_0_4_0 Label:LandscapeStreamingProxy_0_4_0 SpatiallyLoaded:1 Bounds:IsValid=true, Min=(X=-27420.000 Y=23770.000 Z=-100.000), Max=(X=-21220.000 Y=29970.000 Z=100.000) RuntimeGrid:None EditorOnly:0 RuntimeOnly:0 HLODRelevant:1 ListedInSceneOutliner:1 IsMainWorldOnly:0
 |   |   |- [+] [ 29]
 |   |   |   |- Guid:CB3D3C644041A38DF58BE3BEEC46AF85 BaseClass: NativeClass:/Script/Landscape.LandscapeStreamingProxy Name:LandscapeStreamingProxy_5ZTLCWNWI3P0WYLTC1OBTHMUT_62_1_0_0 Label:LandscapeStreamingProxy_1_0_0 SpatiallyLoaded:1 Bounds:IsValid=true, Min=(X=-21220.000 Y=-1030.000 Z=-100.000), Max=(X=-15020.000 Y=5170.000 Z=100.000) RuntimeGrid:None EditorOnly:0 RuntimeOnly:0 HLODRelevant:1 ListedInSceneOutliner:1 IsMainWorldOnly:0
 |   |   |- [+] [ 30]
 |   |   |   |- Guid:E34358AF4BC51F0273FA2DA101DFA505 BaseClass: NativeClass:/Script/Landscape.LandscapeStreamingProxy Name:LandscapeStreamingProxy_5ZTLCWNWI3P0WYLTC1OBTHMUT_62_3_1_0 Label:LandscapeStreamingProxy_3_1_0 SpatiallyLoaded:1 Bounds:IsValid=true, Min=(X=-8820.000 Y=5170.000 Z=-100.000), Max=(X=-2620.000 Y=11370.000 Z=100.000) RuntimeGrid:None EditorOnly:0 RuntimeOnly:0 HLODRelevant:1 ListedInSceneOutliner:1 IsMainWorldOnly:0
 |   |   |- [+] [ 31]
 |   |   |   |- Guid:EA284A7149FA6662D1D60796372C4B04 BaseClass: NativeClass:/Script/Landscape.LandscapeStreamingProxy Name:LandscapeStreamingProxy_5ZTLCWNWI3P0WYLTC1OBTHMUT_62_2_0_0 Label:LandscapeStreamingProxy_2_0_0 SpatiallyLoaded:1 Bounds:IsValid=true, Min=(X=-15020.000 Y=-1030.000 Z=-100.000), Max=(X=-8820.000 Y=5170.000 Z=100.000) RuntimeGrid:None EditorOnly:0 RuntimeOnly:0 HLODRelevant:1 ListedInSceneOutliner:1 IsMainWorldOnly:0
 |   |   |- [+] [ 32]
 |   |   |   |- Guid:EBDF80AD406F62D4437D58BE0090213E BaseClass: NativeClass:/Script/Engine.SkyLight Name:SkyLight_1 Label:SkyLight SpatiallyLoaded:0 Bounds:IsValid=true, Min=(X=0.000 Y=0.000 Z=690.000), Max=(X=0.000 Y=0.000 Z=690.000) RuntimeGrid:None EditorOnly:0 RuntimeOnly:0 HLODRelevant:0 ListedInSceneOutliner:1 IsMainWorldOnly:0 FolderPath:Lighting FolderGuid:4C9334684BA61B42C769F799D2576455
 |   |   |- [+] [ 33]
 |   |   |   |- Guid:ED56234842A1762CAA16B08852179272 BaseClass: NativeClass:/Script/Landscape.Landscape Name:Landscape_UAID_C45AB1EAFD190C2302_1130034717 Label:Landscape SpatiallyLoaded:0 Bounds:IsValid=true, Min=(X=-27420.000 Y=-1030.000 Z=0.000), Max=(X=-27420.000 Y=-1030.000 Z=0.000) RuntimeGrid:None EditorOnly:0 RuntimeOnly:0 HLODRelevant:0 ListedInSceneOutliner:1 IsMainWorldOnly:0
 |   |   |- [+] [ 34]
 |   |   |   |- Guid:F01D2F3A48D28C49A7640580AB4C1E7A BaseClass: NativeClass:/Script/Landscape.LandscapeStreamingProxy Name:LandscapeStreamingProxy_5ZTLCWNWI3P0WYLTC1OBTHMUT_62_1_2_0 Label:LandscapeStreamingProxy_1_2_0 SpatiallyLoaded:1 Bounds:IsValid=true, Min=(X=-21220.000 Y=11370.000 Z=-100.000), Max=(X=-15020.000 Y=17570.000 Z=100.000) RuntimeGrid:None EditorOnly:0 RuntimeOnly:0 HLODRelevant:1 ListedInSceneOutliner:1 IsMainWorldOnly:0
 |   |   |- [+] [ 35]
 |   |   |   |- Guid:F1001EC5435BED061E1B6D9FB860A535 BaseClass:/Game/Actors/BP_CreatureFrog.BP_CreatureFrog_C NativeClass:/Script/Engine.Pawn Name:BP_CreatureFrog_C_UAID_C45AB1EB179D1E2302_1742290735 Label:BP_CreatureFrog SpatiallyLoaded:1 Bounds:IsValid=true, Min=(X=312.000 Y=2182.000 Z=-128.000), Max=(X=888.000 Y=2758.000 Z=448.000) RuntimeGrid:None EditorOnly:0 RuntimeOnly:0 HLODRelevant:0 ListedInSceneOutliner:1 IsMainWorldOnly:0
 |   |   |- [+] [ 36]
 |   |   |   |- Guid:F13E601041C2225453EC4486C6C535B9 BaseClass: NativeClass:/Script/Landscape.LandscapeStreamingProxy Name:LandscapeStreamingProxy_5ZTLCWNWI3P0WYLTC1OBTHMUT_62_2_3_0 Label:LandscapeStreamingProxy_2_3_0 SpatiallyLoaded:1 Bounds:IsValid=true, Min=(X=-15020.000 Y=17570.000 Z=-100.000), Max=(X=-8820.000 Y=23770.000 Z=100.000) RuntimeGrid:None EditorOnly:0 RuntimeOnly:0 HLODRelevant:1 ListedInSceneOutliner:1 IsMainWorldOnly:0
 |   |   |- [+] [ 37]
 |   |   |   |- Guid:F22F89D749A6A99364188AA5F7883CB6 BaseClass: NativeClass:/Script/Landscape.LandscapeStreamingProxy Name:LandscapeStreamingProxy_5ZTLCWNWI3P0WYLTC1OBTHMUT_62_2_1_0 Label:LandscapeStreamingProxy_2_1_0 SpatiallyLoaded:1 Bounds:IsValid=true, Min=(X=-15020.000 Y=5170.000 Z=-100.000), Max=(X=-8820.000 Y=11370.000 Z=100.000) RuntimeGrid:None EditorOnly:0 RuntimeOnly:0 HLODRelevant:1 ListedInSceneOutliner:1 IsMainWorldOnly:0
 |   |   |- [+] [ 38]
 |   |   |   |- Guid:F6243B5143069F392B9A9D80EE1AECFE BaseClass: NativeClass:/Script/Landscape.LandscapeStreamingProxy Name:LandscapeStreamingProxy_5ZTLCWNWI3P0WYLTC1OBTHMUT_62_3_2_0 Label:LandscapeStreamingProxy_3_2_0 SpatiallyLoaded:1 Bounds:IsValid=true, Min=(X=-8820.000 Y=11370.000 Z=-100.000), Max=(X=-2620.000 Y=17570.000 Z=100.000) RuntimeGrid:None EditorOnly:0 RuntimeOnly:0 HLODRelevant:1 ListedInSceneOutliner:1 IsMainWorldOnly:0
 |   |   |- [+] [ 39]
 |   |   |   |- Guid:F7F02A244A725F3DD799F387248D2E5C BaseClass:/Game/Environment/BP_Prop.BP_Prop_C NativeClass:/Script/Engine.Actor Name:BP_Prop_C_UAID_C45AB1EAFD19202302_2084952087 Label:BP_Prop SpatiallyLoaded:1 Bounds:IsValid=true, Min=(X=-25774.500 Y=777.500 Z=61.500), Max=(X=-25586.000 Y=782.500 Z=178.500) RuntimeGrid:None EditorOnly:0 RuntimeOnly:0 HLODRelevant:0 ListedInSceneOutliner:1 IsMainWorldOnly:0
 |   |   |- [+] [ 40]
 |   |   |   |- Guid:FB47349645BD66C2350F17A393D4AD67 BaseClass: NativeClass:/Script/Engine.DirectionalLight Name:DirectionalLight_1 Label:DirectionalLight SpatiallyLoaded:0 Bounds:Invalid RuntimeGrid:None EditorOnly:0 RuntimeOnly:0 HLODRelevant:0 ListedInSceneOutliner:1 IsMainWorldOnly:0 FolderPath:Lighting FolderGuid:4C9334684BA61B42C769F799D2576455
 |   |   |- [+] [ 41]
 |   |   |   |- Guid:FBFF2697455B9B017A833A945331FD4A BaseClass: NativeClass:/Script/Engine.StaticMeshActor Name:StaticMeshActor_UAID_C45AB1EAFD19202302_1199766087 Label:Plane SpatiallyLoaded:1 Bounds:IsValid=true, Min=(X=-26697.321 Y=-297.321 Z=30.000), Max=(X=2957.321 Y=29357.321 Z=30.000) RuntimeGrid:None EditorOnly:0 RuntimeOnly:0 HLODRelevant:1 ListedInSceneOutliner:1 IsMainWorldOnly:0
 |   |   |- [+] [ 42]
 |   |   |   |- Guid:FD8E195548401F48A865C9B01580D095 BaseClass: NativeClass:/Script/Landscape.LandscapeStreamingProxy Name:LandscapeStreamingProxy_5ZTLCWNWI3P0WYLTC1OBTHMUT_62_4_1_0 Label:LandscapeStreamingProxy_4_1_0 SpatiallyLoaded:1 Bounds:IsValid=true, Min=(X=-2620.000 Y=5170.000 Z=-100.000), Max=(X=3580.000 Y=11370.000 Z=100.000) RuntimeGrid:None EditorOnly:0 RuntimeOnly:0 HLODRelevant:1 ListedInSceneOutliner:1 IsMainWorldOnly:0
 |- ContainerInstances:
 |- [+] MainContainer:
 |   |-        ID: 00000000000000000000000000000000
 |   |-  ParentID: 00000000000000000000000000000000
 |   |-    Bounds: IsValid=false, Min=(X=0.000 Y=0.000 Z=0.000), Max=(X=0.000 Y=0.000 Z=0.000)
 |   |- Transform: 0.000000,0.000000,0.000000|0.000000,0.000000,-0.000000|1.000000,1.000000,1.000000
 |   |- Container: /Game/Maps/Map2
----------------------------------------------------------------------------------------------------------------
Map2 - Persistent Level
----------------------------------------------------------------------------------------------------------------
[+] Content of Map2 Persistent Level
 |- Always loaded Actor Count: 43 
 |- Actor Path: /Game/Maps/Map2.Map2:PersistentLevel.BP_Creature_Bear_C_UAID_C45AB1EB11AB192302_1519751855
 |- Actor Package: /Game/__ExternalActors__/Maps/Map2/0/CA/LF97O7B1RPVZ4RLD5APOMD
 |- Actor Path: /Game/Maps/Map2.Map2:PersistentLevel.BP_CreatureFrog_C_UAID_C45AB1EB179D1E2302_1742290735
 |- Actor Package: /Game/__ExternalActors__/Maps/Map2/B/8G/V1BFFB29TXBL29IGDIQWUH
 |- Actor Path: /Game/Maps/Map2.Map2:PersistentLevel.BP_Prop_C_UAID_C45AB1EAFD19202302_2084952087
 |- Actor Package: /Game/__ExternalActors__/Maps/Map2/5/TB/XBU8AC7DM2B3U637E7FRHN
 |- Actor Path: /Game/Maps/Map2.Map2:PersistentLevel.BP_TestGuy_C_UAID_C45AB1EB11AB8F2202_2013546567
 |- Actor Package: /Game/__ExternalActors__/Maps/Map2/0/JN/D7KQLCXCX8AAM0Q9CA6MBE
 |- Actor Path: /Game/Maps/Map2.Map2:PersistentLevel.DirectionalLight_1
 |- Actor Package: /Game/__ExternalActors__/Maps/Map2/1/4S/WLMN42NGRJS1ZV1KH3HN7R
 |- Actor Path: /Game/Maps/Map2.Map2:PersistentLevel.ExponentialHeightFog_1
 |- Actor Package: /Game/__ExternalActors__/Maps/Map2/0/HS/9UU0LG1H8LU5E47QHI13QL
 |- Actor Path: /Game/Maps/Map2.Map2:PersistentLevel.Landscape_UAID_C45AB1EAFD190C2302_1130034717
 |- Actor Package: /Game/__ExternalActors__/Maps/Map2/4/R6/42QOG5CJXVA9JZLPE07K8B
 |- Actor Path: /Game/Maps/Map2.Map2:PersistentLevel.LandscapeStreamingProxy_5ZTLCWNWI3P0WYLTC1OBTHMUT_62_0_0_0
 |- Actor Package: /Game/__ExternalActors__/Maps/Map2/8/61/JF559I9I2DVG8T1L7NZN4H
 |- Actor Path: /Game/Maps/Map2.Map2:PersistentLevel.LandscapeStreamingProxy_5ZTLCWNWI3P0WYLTC1OBTHMUT_62_0_1_0
 |- Actor Package: /Game/__ExternalActors__/Maps/Map2/3/NU/COPBSUQ1J0XEVR6WGJAXV4
 |- Actor Path: /Game/Maps/Map2.Map2:PersistentLevel.LandscapeStreamingProxy_5ZTLCWNWI3P0WYLTC1OBTHMUT_62_0_2_0
 |- Actor Package: /Game/__ExternalActors__/Maps/Map2/6/DB/93LM7ZVKE46CNTOW540GUT
 |- Actor Path: /Game/Maps/Map2.Map2:PersistentLevel.LandscapeStreamingProxy_5ZTLCWNWI3P0WYLTC1OBTHMUT_62_0_3_0
 |- Actor Package: /Game/__ExternalActors__/Maps/Map2/3/XI/P9N8J2FQPOUUZ6GFUOAQGU
 |- Actor Path: /Game/Maps/Map2.Map2:PersistentLevel.LandscapeStreamingProxy_5ZTLCWNWI3P0WYLTC1OBTHMUT_62_0_4_0
 |- Actor Package: /Game/__ExternalActors__/Maps/Map2/6/D9/YELF6QAA5P3OY4Y7QCVR4I
 |- Actor Path: /Game/Maps/Map2.Map2:PersistentLevel.LandscapeStreamingProxy_5ZTLCWNWI3P0WYLTC1OBTHMUT_62_1_0_0
 |- Actor Package: /Game/__ExternalActors__/Maps/Map2/B/61/Z92OHYOJVN80IBF0D0GP4S
 |- Actor Path: /Game/Maps/Map2.Map2:PersistentLevel.LandscapeStreamingProxy_5ZTLCWNWI3P0WYLTC1OBTHMUT_62_1_1_0
 |- Actor Package: /Game/__ExternalActors__/Maps/Map2/C/9B/VFF3RQBJO1K2G5HKRNFX4B
 |- Actor Path: /Game/Maps/Map2.Map2:PersistentLevel.LandscapeStreamingProxy_5ZTLCWNWI3P0WYLTC1OBTHMUT_62_1_2_0
 |- Actor Package: /Game/__ExternalActors__/Maps/Map2/2/2U/J85D5OK6PV1GYHUTT5CHLG
 |- Actor Path: /Game/Maps/Map2.Map2:PersistentLevel.LandscapeStreamingProxy_5ZTLCWNWI3P0WYLTC1OBTHMUT_62_1_3_0
 |- Actor Package: /Game/__ExternalActors__/Maps/Map2/5/0T/AMY3HL1QNE27VOE3LSYS79
 |- Actor Path: /Game/Maps/Map2.Map2:PersistentLevel.LandscapeStreamingProxy_5ZTLCWNWI3P0WYLTC1OBTHMUT_62_1_4_0
 |- Actor Package: /Game/__ExternalActors__/Maps/Map2/E/GC/S0YBZIN7FY5378ORITZN1G
 |- Actor Path: /Game/Maps/Map2.Map2:PersistentLevel.LandscapeStreamingProxy_5ZTLCWNWI3P0WYLTC1OBTHMUT_62_2_0_0
 |- Actor Package: /Game/__ExternalActors__/Maps/Map2/9/57/GT5PLS2XFHCDRYUBM4YAJU
 |- Actor Path: /Game/Maps/Map2.Map2:PersistentLevel.LandscapeStreamingProxy_5ZTLCWNWI3P0WYLTC1OBTHMUT_62_2_1_0
 |- Actor Package: /Game/__ExternalActors__/Maps/Map2/D/0Y/CIVBCOZVGJZQ5DPEVWAY3E
 |- Actor Path: /Game/Maps/Map2.Map2:PersistentLevel.LandscapeStreamingProxy_5ZTLCWNWI3P0WYLTC1OBTHMUT_62_2_2_0
 |- Actor Package: /Game/__ExternalActors__/Maps/Map2/8/SP/34KNKMMRVQAJ67311TKZBG
 |- Actor Path: /Game/Maps/Map2.Map2:PersistentLevel.LandscapeStreamingProxy_5ZTLCWNWI3P0WYLTC1OBTHMUT_62_2_3_0
 |- Actor Package: /Game/__ExternalActors__/Maps/Map2/5/QU/TM2Z0YJJXNF06YTCD6YS7O
 |- Actor Path: /Game/Maps/Map2.Map2:PersistentLevel.LandscapeStreamingProxy_5ZTLCWNWI3P0WYLTC1OBTHMUT_62_2_4_0
 |- Actor Package: /Game/__ExternalActors__/Maps/Map2/3/80/B03WE2M8RMIJQ7D16BOOTE
 |- Actor Path: /Game/Maps/Map2.Map2:PersistentLevel.LandscapeStreamingProxy_5ZTLCWNWI3P0WYLTC1OBTHMUT_62_3_0_0
 |- Actor Package: /Game/__ExternalActors__/Maps/Map2/7/MG/2QES757W4T18L06LDKEB0P
 |- Actor Path: /Game/Maps/Map2.Map2:PersistentLevel.LandscapeStreamingProxy_5ZTLCWNWI3P0WYLTC1OBTHMUT_62_3_1_0
 |- Actor Package: /Game/__ExternalActors__/Maps/Map2/7/51/MV4ZOGQZV6X30TPF907ZPV
 |- Actor Path: /Game/Maps/Map2.Map2:PersistentLevel.LandscapeStreamingProxy_5ZTLCWNWI3P0WYLTC1OBTHMUT_62_3_2_0
 |- Actor Package: /Game/__ExternalActors__/Maps/Map2/3/14/E0CSH1C934J2V9O8JOLG6F
 |- Actor Path: /Game/Maps/Map2.Map2:PersistentLevel.LandscapeStreamingProxy_5ZTLCWNWI3P0WYLTC1OBTHMUT_62_3_3_0
 |- Actor Package: /Game/__ExternalActors__/Maps/Map2/D/MI/2G8PX94LBN1XA8FDU7W2D2
 |- Actor Path: /Game/Maps/Map2.Map2:PersistentLevel.LandscapeStreamingProxy_5ZTLCWNWI3P0WYLTC1OBTHMUT_62_3_4_0
 |- Actor Package: /Game/__ExternalActors__/Maps/Map2/E/WZ/BFPMF46H9G64ARB497HPFZ
 |- Actor Path: /Game/Maps/Map2.Map2:PersistentLevel.LandscapeStreamingProxy_5ZTLCWNWI3P0WYLTC1OBTHMUT_62_4_0_0
 |- Actor Package: /Game/__ExternalActors__/Maps/Map2/0/GT/5G97GNUVM2CV1234XIWZ49
 |- Actor Path: /Game/Maps/Map2.Map2:PersistentLevel.LandscapeStreamingProxy_5ZTLCWNWI3P0WYLTC1OBTHMUT_62_4_1_0
 |- Actor Package: /Game/__ExternalActors__/Maps/Map2/0/SS/4C9Y4V4EREEOJDHBXQJX2I
 |- Actor Path: /Game/Maps/Map2.Map2:PersistentLevel.LandscapeStreamingProxy_5ZTLCWNWI3P0WYLTC1OBTHMUT_62_4_2_0
 |- Actor Package: /Game/__ExternalActors__/Maps/Map2/5/M1/F6OZEO2O4ESYOHQSCP5FOU
 |- Actor Path: /Game/Maps/Map2.Map2:PersistentLevel.LandscapeStreamingProxy_5ZTLCWNWI3P0WYLTC1OBTHMUT_62_4_3_0
 |- Actor Package: /Game/__ExternalActors__/Maps/Map2/E/RG/YJLQD7YOK9786WSC4HYAHC
 |- Actor Path: /Game/Maps/Map2.Map2:PersistentLevel.LandscapeStreamingProxy_5ZTLCWNWI3P0WYLTC1OBTHMUT_62_4_4_0
 |- Actor Package: /Game/__ExternalActors__/Maps/Map2/8/HY/PS0LX8I24NMPVKJBBAJDV1
 |- Actor Path: /Game/Maps/Map2.Map2:PersistentLevel.NavMeshBoundsVolume_1
 |- Actor Package: /Game/__ExternalActors__/Maps/Map2/8/L2/SLI67Y22A4OBG6JGPNL2SE
 |- Actor Path: /Game/Maps/Map2.Map2:PersistentLevel.PlayerStart_0
 |- Actor Package: /Game/__ExternalActors__/Maps/Map2/6/ZD/RVVUJ4P5GFXYMW6VF6QODU
 |- Actor Path: /Game/Maps/Map2.Map2:PersistentLevel.PostProcessVolume_1
 |- Actor Package: /Game/__ExternalActors__/Maps/Map2/E/GR/EJ5NZDI2QEPTQKXWEN6UNW
 |- Actor Path: /Game/Maps/Map2.Map2:PersistentLevel.SkyAtmosphere_1
 |- Actor Package: /Game/__ExternalActors__/Maps/Map2/E/8N/H959TQBD84FHV31IGIN2IJ
 |- Actor Path: /Game/Maps/Map2.Map2:PersistentLevel.SkyLight_1
 |- Actor Package: /Game/__ExternalActors__/Maps/Map2/5/2Q/F8HXSES9XFPWGQ5NKS0BCZ
 |- Actor Path: /Game/Maps/Map2.Map2:PersistentLevel.StaticMeshActor_UAID_A4AE111137DC5CFB00_1660657071
 |- Actor Package: /Game/__ExternalActors__/Maps/Map2/7/56/NFGC1QK3NGEKEJDF9AZMSS
 |- Actor Path: /Game/Maps/Map2.Map2:PersistentLevel.StaticMeshActor_UAID_C45AB1EAFD19202302_1199766087
 |- Actor Package: /Game/__ExternalActors__/Maps/Map2/A/CP/1GPUABBVADJB9E9N7NDG7X
 |- Actor Path: /Game/Maps/Map2.Map2:PersistentLevel.TextRenderActor_0
 |- Actor Package: /Game/__ExternalActors__/Maps/Map2/B/SV/VCLNYA25YNOOUIT1RAJPN8
 |- Actor Path: /Game/Maps/Map2.Map2:PersistentLevel.TextRenderActor_UAID_C45AB1EAFD19F02202_1415808659
 |- Actor Package: /Game/__ExternalActors__/Maps/Map2/2/39/GNV0IFHK7IZDQOP16UF7F1
 |- Actor Path: /Game/Maps/Map2.Map2:PersistentLevel.VolumetricCloud_0
 |- Actor Package: /Game/__ExternalActors__/Maps/Map2/2/MW/Y521ZQZATVVIKNY9RLAQH9
 |- Actor Path: /Game/Maps/Map2.Map2:PersistentLevel.WorldDataLayers
 |- Actor Package: /Game/__ExternalActors__/Maps/Map2/3/IT/N3XRU1XQIQAYCR9V5917BF

----------------------------------------------------------------------------------------------------------------
Map2 - Runtime Hash Set
----------------------------------------------------------------------------------------------------------------

